<?xml version="1.0" encoding="UTF-8"?>
<!-- Generated by org.testng.reporters.JUnitReportReporter -->
<testsuite hostname="DESKTOP-MA84K88" failures="0" tests="1" name="Expenses_TestCases.DebitNoteAndReceipt_Test" time="210.780" errors="0" timestamp="2025-08-03T23:35:55 IST" skipped="0">
  <testcase classname="Expenses_TestCases.DebitNoteAndReceipt_Test" name="DebitNoteAndReceiptCreateTest" time="210.780"/>
</testsuite> <!-- Expenses_TestCases.DebitNoteAndReceipt_Test -->
