<?xml version="1.0" encoding="UTF-8"?>
<!-- Generated by org.testng.reporters.JUnitReportReporter -->
<testsuite hostname="DESKTOP-MA84K88" failures="0" tests="5" name="Expenses_TestCases.Expenses_FullTest" time="790.542" errors="0" timestamp="2025-07-27T20:20:21 IST" skipped="0">
  <testcase classname="Expenses_TestCases.Expenses_FullTest" name="WorkOrder" time="174.385"/>
  <testcase classname="Expenses_TestCases.Expenses_FullTest" name="Advance" time="209.544"/>
  <testcase classname="Expenses_TestCases.Expenses_FullTest" name="DebitNote" time="122.322"/>
  <testcase classname="Expenses_TestCases.Expenses_FullTest" name="DebitNoteReceipt" time="81.451"/>
  <testcase classname="Expenses_TestCases.Expenses_FullTest" name="Payment" time="202.840"/>
</testsuite> <!-- Expenses_TestCases.Expenses_FullTest -->
