<?xml version="1.0" encoding="UTF-8"?>
<!-- Generated by org.testng.reporters.JUnitReportReporter -->
<testsuite hostname="DESKTOP-MA84K88" failures="0" tests="5" name="Expenses_TestCases.Expenses_FullTest" time="751.851" errors="0" timestamp="2025-08-03T23:12:47 IST" skipped="0">
  <testcase classname="Expenses_TestCases.Expenses_FullTest" name="WorkOrder" time="281.772"/>
  <testcase classname="Expenses_TestCases.Expenses_FullTest" name="Advance" time="155.087"/>
  <testcase classname="Expenses_TestCases.Expenses_FullTest" name="DebitNote" time="92.497"/>
  <testcase classname="Expenses_TestCases.Expenses_FullTest" name="DebitNoteReceipt" time="71.571"/>
  <testcase classname="Expenses_TestCases.Expenses_FullTest" name="Payment" time="150.924"/>
</testsuite> <!-- Expenses_TestCases.Expenses_FullTest -->
