<?xml version="1.0" encoding="UTF-8"?>
<!-- Generated by org.testng.reporters.JUnitReportReporter -->
<testsuite hostname="DESKTOP-MA84K88" failures="0" tests="1" name="Demo.HandlingWindow" time="50.192" errors="0" timestamp="2025-06-28T20:36:13 IST" skipped="0">
  <testcase classname="Demo.HandlingWindow" name="Switch" time="50.192"/>
</testsuite> <!-- Demo.HandlingWindow -->
