<?xml version="1.0" encoding="UTF-8"?>
<!-- Generated by org.testng.reporters.JUnitReportReporter -->
<testsuite hostname="DESKTOP-MA84K88" failures="0" tests="1" name="Demo.Login_01" time="69.730" errors="0" timestamp="2025-06-29T13:56:23 IST" skipped="0">
  <testcase classname="Demo.Login_01" name="in4Login" time="69.730"/>
</testsuite> <!-- Demo.Login_01 -->
