<?xml version="1.0" encoding="UTF-8"?>
<!-- Generated by org.testng.reporters.JUnitReportReporter -->
<testsuite hostname="DESKTOP-MA84K88" failures="0" tests="1" name="Expenses_TestCases.Advance_Test" time="225.337" errors="0" timestamp="2025-07-27T20:06:05 IST" skipped="0">
  <testcase classname="Expenses_TestCases.Advance_Test" name="AdvanceCreateTest" time="225.337"/>
</testsuite> <!-- Expenses_TestCases.Advance_Test -->
