<?xml version="1.0" encoding="UTF-8"?>
<!-- Generated by org.testng.reporters.JUnitReportReporter -->
<testsuite hostname="DESKTOP-MA84K88" failures="0" tests="1" name="Expenses_TestCases.WorkOrder_Test" time="164.470" errors="0" timestamp="2025-08-03T23:12:47 IST" skipped="0">
  <testcase classname="Expenses_TestCases.WorkOrder_Test" name="WorkOrderCreateTest" time="164.470"/>
</testsuite> <!-- Expenses_TestCases.WorkOrder_Test -->
