<?xml version="1.0" encoding="UTF-8"?>
<!-- Generated by org.testng.reporters.JUnitReportReporter -->
<testsuite hostname="DESKTOP-MA84K88" failures="0" tests="1" name="Utility.HandlingWindow" time="33.644" errors="0" timestamp="2025-06-28T20:29:21 IST" skipped="0">
  <testcase classname="Utility.HandlingWindow" name="Switch" time="33.644"/>
</testsuite> <!-- Utility.HandlingWindow -->
