<?xml version="1.0" encoding="UTF-8"?>
<!-- Generated by org.testng.reporters.JUnitReportReporter -->
<testsuite hostname="DESKTOP-MA84K88" failures="0" tests="1" name="Utility.Javscipt" time="30.069" errors="0" timestamp="2025-06-28T14:35:07 IST" skipped="0">
  <testcase classname="Utility.Javscipt" name="in4Login" time="30.069"/>
</testsuite> <!-- Utility.Javscipt -->
