<?xml version="1.0" encoding="UTF-8"?>
<!-- Generated by org.testng.reporters.JUnitReportReporter -->
<testsuite hostname="DESKTOP-MA84K88" failures="0" tests="3" name="Expenses_Test.DebitNoteReceipt_Test" time="50.083" errors="0" timestamp="2025-07-13T14:23:34 IST" skipped="0">
  <testcase classname="Expenses_Test.DebitNoteReceipt_Test" name="loginTest" time="22.331"/>
  <testcase classname="Expenses_Test.DebitNoteReceipt_Test" name="DebitNoteReceiptCreateTest" time="27.171"/>
  <testcase classname="Expenses_Test.DebitNoteReceipt_Test" name="logoutTest" time="0.581"/>
</testsuite> <!-- Expenses_Test.DebitNoteReceipt_Test -->
