<?xml version="1.0" encoding="UTF-8"?>
<!-- Generated by org.testng.reporters.JUnitReportReporter -->
<testsuite hostname="DESKTOP-MA84K88" failures="0" tests="1" name="Expenses_TestCases.Advance_Test" time="171.821" errors="0" timestamp="2025-08-03T23:12:47 IST" skipped="0">
  <testcase classname="Expenses_TestCases.Advance_Test" name="AdvanceCreateTest" time="171.821"/>
</testsuite> <!-- Expenses_TestCases.Advance_Test -->
