<?xml version="1.0" encoding="UTF-8"?>
<!-- Generated by org.testng.reporters.JUnitReportReporter -->
<testsuite hostname="DESKTOP-MA84K88" failures="0" tests="1" name="Utility.Login_01" time="81.820" errors="0" timestamp="2025-06-28T19:27:22 IST" skipped="0">
  <testcase classname="Utility.Login_01" name="in4Login" time="81.820"/>
</testsuite> <!-- Utility.Login_01 -->
