<?xml version="1.0" encoding="UTF-8"?>
<!-- Generated by org.testng.reporters.JUnitReportReporter -->
<testsuite hostname="DESKTOP-MA84K88" failures="0" tests="5" name="Expenses_TestCases.Expenses_FullTest" time="599.914" errors="0" timestamp="2025-08-02T11:55:03 IST" skipped="0">
  <testcase classname="Expenses_TestCases.Expenses_FullTest" name="WorkOrder" time="161.635"/>
  <testcase classname="Expenses_TestCases.Expenses_FullTest" name="Advance" time="143.508"/>
  <testcase classname="Expenses_TestCases.Expenses_FullTest" name="DebitNote" time="90.325"/>
  <testcase classname="Expenses_TestCases.Expenses_FullTest" name="DebitNoteReceipt" time="67.261"/>
  <testcase classname="Expenses_TestCases.Expenses_FullTest" name="Payment" time="137.185"/>
</testsuite> <!-- Expenses_TestCases.Expenses_FullTest -->
