<?xml version="1.0" encoding="UTF-8"?>
<!-- Generated by org.testng.reporters.JUnitReportReporter -->
<testsuite hostname="DESKTOP-MA84K88" failures="0" tests="5" name="Expenses_TestCases.Expenses_FullTest" time="791.557" errors="0" timestamp="2025-07-27T20:50:39 IST" skipped="0">
  <testcase classname="Expenses_TestCases.Expenses_FullTest" name="WorkOrder" time="307.267"/>
  <testcase classname="Expenses_TestCases.Expenses_FullTest" name="Advance" time="156.638"/>
  <testcase classname="Expenses_TestCases.Expenses_FullTest" name="DebitNote" time="99.774"/>
  <testcase classname="Expenses_TestCases.Expenses_FullTest" name="DebitNoteReceipt" time="72.104"/>
  <testcase classname="Expenses_TestCases.Expenses_FullTest" name="Payment" time="155.774"/>
</testsuite> <!-- Expenses_TestCases.Expenses_FullTest -->
