<?xml version="1.0" encoding="UTF-8"?>
<!-- Generated by org.testng.reporters.JUnitReportReporter -->
<testsuite hostname="DESKTOP-MA84K88" failures="0" tests="5" name="Expenses_TestCases.Expenses_FullTest" time="704.044" errors="0" timestamp="2025-08-03T14:04:42 IST" skipped="0">
  <testcase classname="Expenses_TestCases.Expenses_FullTest" name="WorkOrder" time="161.840"/>
  <testcase classname="Expenses_TestCases.Expenses_FullTest" name="Advance" time="189.808"/>
  <testcase classname="Expenses_TestCases.Expenses_FullTest" name="DebitNote" time="98.041"/>
  <testcase classname="Expenses_TestCases.Expenses_FullTest" name="DebitNoteReceipt" time="79.554"/>
  <testcase classname="Expenses_TestCases.Expenses_FullTest" name="Payment" time="174.801"/>
</testsuite> <!-- Expenses_TestCases.Expenses_FullTest -->
