<?xml version="1.0" encoding="UTF-8"?>
<!-- Generated by org.testng.reporters.JUnitReportReporter -->
<testsuite hostname="DESKTOP-MA84K88" failures="0" tests="5" name="Expenses_TestCases.Expenses_FullTest" time="595.492" errors="0" timestamp="2025-07-27T14:36:36 IST" skipped="0">
  <testcase classname="Expenses_TestCases.Expenses_FullTest" name="WorkOrder" time="161.736"/>
  <testcase classname="Expenses_TestCases.Expenses_FullTest" name="Advance" time="142.678"/>
  <testcase classname="Expenses_TestCases.Expenses_FullTest" name="DebitNote" time="85.527"/>
  <testcase classname="Expenses_TestCases.Expenses_FullTest" name="DebitNoteReceipt" time="65.387"/>
  <testcase classname="Expenses_TestCases.Expenses_FullTest" name="Payment" time="140.164"/>
</testsuite> <!-- Expenses_TestCases.Expenses_FullTest -->
